DEBUG: Raw message from LogEntry: "[2025-06-14T17:30:31] [INFO] Cache miss for key user:12345"
DEBUG: Cleaned message: "[2025-06-14T17:30:31] [INFO] Cache miss for key user:12345"
DEBUG: Raw message from LogEntry: "[2025-06-14T17:30:34] [TRACE] Health check passed"
DEBUG: Cleaned message: "[2025-06-14T17:30:34] [TRACE] Health check passed"
DEBUG: Raw message from LogEntry: "[2025-06-14T17:30:35] [DEBUG] Cache miss for key user:12345"
DEBUG: Cleaned message: "[2025-06-14T17:30:35] [DEBUG] Cache miss for key user:12345"
DEBUG: Raw message from LogEntry: "[2025-06-14T17:30:37] [WARN] Cache miss for key user:12345"
DEBUG: Cleaned message: "[2025-06-14T17:30:37] [WARN] Cache miss for key user:12345"
DEBUG: Raw message from LogEntry: "[2025-06-14T17:30:39] [ERROR] Failed to connect to external service"
DEBUG: Cleaned message: "[2025-06-14T17:30:39] [ERROR] Failed to connect to external service"
DEBUG: Raw message from LogEntry: "[2025-06-14T17:30:40] [ERROR] Database connection established"
DEBUG: Cleaned message: "[2025-06-14T17:30:40] [ERROR] Database connection established"
DEBUG: Raw message from LogEntry: "[2025-06-14T17:30:43] [INFO] Configuration loaded from file"
DEBUG: Cleaned message: "[2025-06-14T17:30:43] [INFO] Configuration loaded from file"
DEBUG: Raw message from LogEntry: "[2025-06-14T17:30:44] [DEBUG] Database connection established"
DEBUG: Cleaned message: "[2025-06-14T17:30:44] [DEBUG] Database connection established"
DEBUG: Raw message from LogEntry: "[2025-06-14T17:30:46] [TRACE] Memory usage: 75%"
DEBUG: Cleaned message: "[2025-06-14T17:30:46] [TRACE] Memory usage: 75%"
DEBUG: Raw message from LogEntry: "[2025-06-14T17:30:47] [ERROR] Health check passed"
DEBUG: Cleaned message: "[2025-06-14T17:30:47] [ERROR] Health check passed"
DEBUG: Raw message from LogEntry: "2025-06-14 12:33:53.531 UTC [1] LOG:  listening on IPv6 address \"::\", port 5432"
DEBUG: Cleaned message: "2025-06-14 12:33:53.531 UTC [1] LOG:  listening on IPv6 address \"::\", port 5432"
DEBUG: Raw message from LogEntry: "2025-06-14 12:33:53.539 UTC [1] LOG:  listening on Unix socket \"/var/run/postgresql/.s.PGSQL.5432\""
DEBUG: Cleaned message: "2025-06-14 12:33:53.539 UTC [1] LOG:  listening on Unix socket \"/var/run/postgresql/.s.PGSQL.5432\""
DEBUG: Raw message from LogEntry: "2025-06-14 12:33:53.549 UTC [35] LOG:  database system was interrupted; last known up at 2025-06-13 "
DEBUG: Cleaned message: "2025-06-14 12:33:53.549 UTC [35] LOG:  database system was interrupted; last known up at 2025-06-13 "
DEBUG: Raw message from LogEntry: "2025-06-14 12:33:53.593 UTC [35] LOG:  database system was not properly shut down; automatic recover"
DEBUG: Cleaned message: "2025-06-14 12:33:53.593 UTC [35] LOG:  database system was not properly shut down; automatic recover"
DEBUG: Raw message from LogEntry: "2025-06-14 12:33:53.599 UTC [35] LOG:  redo starts at 0/1540640"
DEBUG: Cleaned message: "2025-06-14 12:33:53.599 UTC [35] LOG:  redo starts at 0/1540640"
DEBUG: Raw message from LogEntry: "2025-06-14 12:33:53.599 UTC [35] LOG:  invalid record length at 0/1540728: wanted 24, got 0"
DEBUG: Cleaned message: "2025-06-14 12:33:53.599 UTC [35] LOG:  invalid record length at 0/1540728: wanted 24, got 0"
DEBUG: Raw message from LogEntry: "2025-06-14 12:33:53.599 UTC [35] LOG:  redo done at 0/15406F0 system usage: CPU: user: 0.00 s, syste"
DEBUG: Cleaned message: "2025-06-14 12:33:53.599 UTC [35] LOG:  redo done at 0/15406F0 system usage: CPU: user: 0.00 s, syste"
DEBUG: Raw message from LogEntry: "2025-06-14 12:33:53.613 UTC [33] LOG:  checkpoint starting: end-of-recovery immediate wait"
DEBUG: Cleaned message: "2025-06-14 12:33:53.613 UTC [33] LOG:  checkpoint starting: end-of-recovery immediate wait"
DEBUG: Raw message from LogEntry: "2025-06-14 12:33:53.647 UTC [33] LOG:  checkpoint complete: wrote 3 buffers (0.0%); 0 WAL file(s) ad"
DEBUG: Cleaned message: "2025-06-14 12:33:53.647 UTC [33] LOG:  checkpoint complete: wrote 3 buffers (0.0%); 0 WAL file(s) ad"
DEBUG: Raw message from LogEntry: "2025-06-14 12:33:53.653 UTC [1] LOG:  database system is ready to accept connections"
DEBUG: Cleaned message: "2025-06-14 12:33:53.653 UTC [1] LOG:  database system is ready to accept connections"
DEBUG: Raw message from LogEntry: "[Sat Jun 14 17:30:27 UTC 2025] [ERROR] Something went wrong"
DEBUG: Cleaned message: "[Sat Jun 14 17:30:27 UTC 2025] [ERROR] Something went wrong"
DEBUG: Raw message from LogEntry: "[Sat Jun 14 17:30:30 UTC 2025] [WARN] Warning message"
DEBUG: Cleaned message: "[Sat Jun 14 17:30:30 UTC 2025] [WARN] Warning message"
DEBUG: Raw message from LogEntry: "[Sat Jun 14 17:30:31 UTC 2025] [INFO] Simple log message from container"
DEBUG: Cleaned message: "[Sat Jun 14 17:30:31 UTC 2025] [INFO] Simple log message from container"
DEBUG: Raw message from LogEntry: "[Sat Jun 14 17:30:33 UTC 2025] [ERROR] Something went wrong"
DEBUG: Cleaned message: "[Sat Jun 14 17:30:33 UTC 2025] [ERROR] Something went wrong"
DEBUG: Raw message from LogEntry: "[Sat Jun 14 17:30:36 UTC 2025] [WARN] Warning message"
DEBUG: Cleaned message: "[Sat Jun 14 17:30:36 UTC 2025] [WARN] Warning message"
DEBUG: Raw message from LogEntry: "[Sat Jun 14 17:30:37 UTC 2025] [INFO] Simple log message from container"
DEBUG: Cleaned message: "[Sat Jun 14 17:30:37 UTC 2025] [INFO] Simple log message from container"
DEBUG: Raw message from LogEntry: "[Sat Jun 14 17:30:39 UTC 2025] [ERROR] Something went wrong"
DEBUG: Cleaned message: "[Sat Jun 14 17:30:39 UTC 2025] [ERROR] Something went wrong"
DEBUG: Raw message from LogEntry: "[Sat Jun 14 17:30:42 UTC 2025] [WARN] Warning message"
DEBUG: Cleaned message: "[Sat Jun 14 17:30:42 UTC 2025] [WARN] Warning message"
DEBUG: Raw message from LogEntry: "[Sat Jun 14 17:30:43 UTC 2025] [INFO] Simple log message from container"
DEBUG: Cleaned message: "[Sat Jun 14 17:30:43 UTC 2025] [INFO] Simple log message from container"
DEBUG: Raw message from LogEntry: "[Sat Jun 14 17:30:45 UTC 2025] [ERROR] Something went wrong"
DEBUG: Cleaned message: "[Sat Jun 14 17:30:45 UTC 2025] [ERROR] Something went wrong"
DEBUG: Raw message from LogEntry: "[2025-06-14T17:30:27] [INFO] Database connection established"
DEBUG: Cleaned message: "[2025-06-14T17:30:27] [INFO] Database connection established"
DEBUG: Raw message from LogEntry: "[2025-06-14T17:30:28] [ERROR] Application started successfully"
DEBUG: Cleaned message: "[2025-06-14T17:30:28] [ERROR] Application started successfully"
DEBUG: Raw message from LogEntry: "[2025-06-14T17:30:30] [DEBUG] Failed to connect to external service"
DEBUG: Cleaned message: "[2025-06-14T17:30:30] [DEBUG] Failed to connect to external service"
DEBUG: Raw message from LogEntry: "[2025-06-14T17:30:33] [ERROR] Application started successfully"
DEBUG: Cleaned message: "[2025-06-14T17:30:33] [ERROR] Application started successfully"
DEBUG: Raw message from LogEntry: "[2025-06-14T17:30:35] [DEBUG] Database connection established"
DEBUG: Cleaned message: "[2025-06-14T17:30:35] [DEBUG] Database connection established"
DEBUG: Raw message from LogEntry: "[2025-06-14T17:30:38] [DEBUG] Configuration loaded from file"
DEBUG: Cleaned message: "[2025-06-14T17:30:38] [DEBUG] Configuration loaded from file"
DEBUG: Raw message from LogEntry: "[2025-06-14T17:30:40] [TRACE] User authentication successful"
DEBUG: Cleaned message: "[2025-06-14T17:30:40] [TRACE] User authentication successful"
DEBUG: Raw message from LogEntry: "[2025-06-14T17:30:43] [DEBUG] User authentication successful"
DEBUG: Cleaned message: "[2025-06-14T17:30:43] [DEBUG] User authentication successful"
DEBUG: Raw message from LogEntry: "[2025-06-14T17:30:46] [INFO] User authentication successful"
DEBUG: Cleaned message: "[2025-06-14T17:30:46] [INFO] User authentication successful"
DEBUG: Raw message from LogEntry: "[2025-06-14T17:30:47] [TRACE] Configuration loaded from file"
DEBUG: Cleaned message: "[2025-06-14T17:30:47] [TRACE] Configuration loaded from file"
DEBUG: Raw message from LogEntry: "[Sat Jun 14 17:30:29 UTC 2025] [INFO] Simple log message from container"
DEBUG: Cleaned message: "[Sat Jun 14 17:30:29 UTC 2025] [INFO] Simple log message from container"
DEBUG: Raw message from LogEntry: "[Sat Jun 14 17:30:31 UTC 2025] [ERROR] Something went wrong"
DEBUG: Cleaned message: "[Sat Jun 14 17:30:31 UTC 2025] [ERROR] Something went wrong"
DEBUG: Raw message from LogEntry: "[Sat Jun 14 17:30:34 UTC 2025] [WARN] Warning message"
DEBUG: Cleaned message: "[Sat Jun 14 17:30:34 UTC 2025] [WARN] Warning message"
DEBUG: Raw message from LogEntry: "[Sat Jun 14 17:30:35 UTC 2025] [INFO] Simple log message from container"
DEBUG: Cleaned message: "[Sat Jun 14 17:30:35 UTC 2025] [INFO] Simple log message from container"
DEBUG: Raw message from LogEntry: "[Sat Jun 14 17:30:37 UTC 2025] [ERROR] Something went wrong"
DEBUG: Cleaned message: "[Sat Jun 14 17:30:37 UTC 2025] [ERROR] Something went wrong"
DEBUG: Raw message from LogEntry: "[Sat Jun 14 17:30:40 UTC 2025] [WARN] Warning message"
DEBUG: Cleaned message: "[Sat Jun 14 17:30:40 UTC 2025] [WARN] Warning message"
DEBUG: Raw message from LogEntry: "[Sat Jun 14 17:30:41 UTC 2025] [INFO] Simple log message from container"
DEBUG: Cleaned message: "[Sat Jun 14 17:30:41 UTC 2025] [INFO] Simple log message from container"
DEBUG: Raw message from LogEntry: "[Sat Jun 14 17:30:43 UTC 2025] [ERROR] Something went wrong"
DEBUG: Cleaned message: "[Sat Jun 14 17:30:43 UTC 2025] [ERROR] Something went wrong"
DEBUG: Raw message from LogEntry: "[Sat Jun 14 17:30:46 UTC 2025] [WARN] Warning message"
DEBUG: Cleaned message: "[Sat Jun 14 17:30:46 UTC 2025] [WARN] Warning message"
DEBUG: Raw message from LogEntry: "[Sat Jun 14 17:30:47 UTC 2025] [INFO] Simple log message from container"
DEBUG: Cleaned message: "[Sat Jun 14 17:30:47 UTC 2025] [INFO] Simple log message from container"
DEBUG: Raw message from LogEntry: "[Sat Jun 14 17:30:48 UTC 2025] [WARN] Warning message"
DEBUG: Cleaned message: "[Sat Jun 14 17:30:48 UTC 2025] [WARN] Warning message"
DEBUG: Raw message from LogEntry: "[2025-06-14T17:30:49] [TRACE] Request completed in 120ms"
DEBUG: Cleaned message: "[2025-06-14T17:30:49] [TRACE] Request completed in 120ms"
DEBUG: Raw message from LogEntry: "[Sat Jun 14 17:30:49 UTC 2025] [ERROR] Something went wrong"
DEBUG: Cleaned message: "[Sat Jun 14 17:30:49 UTC 2025] [ERROR] Something went wrong"
DEBUG: Raw message from LogEntry: "[Sat Jun 14 17:30:50 UTC 2025] [INFO] Simple log message from container"
DEBUG: Cleaned message: "[Sat Jun 14 17:30:50 UTC 2025] [INFO] Simple log message from container"
DEBUG: Raw message from LogEntry: "[2025-06-14T17:30:50] [ERROR] Failed to connect to external service"
DEBUG: Cleaned message: "[2025-06-14T17:30:50] [ERROR] Failed to connect to external service"
DEBUG: Raw message from LogEntry: "[2025-06-14T17:30:51] [ERROR] Health check passed"
DEBUG: Cleaned message: "[2025-06-14T17:30:51] [ERROR] Health check passed"
DEBUG: Raw message from LogEntry: "[Sat Jun 14 17:30:52 UTC 2025] [ERROR] Something went wrong"
DEBUG: Cleaned message: "[Sat Jun 14 17:30:52 UTC 2025] [ERROR] Something went wrong"
DEBUG: Raw message from LogEntry: "[2025-06-14T17:30:52] [DEBUG] Health check passed"
DEBUG: Cleaned message: "[2025-06-14T17:30:52] [DEBUG] Health check passed"
DEBUG: Raw message from LogEntry: "[Sat Jun 14 17:30:52 UTC 2025] [WARN] Warning message"
DEBUG: Cleaned message: "[Sat Jun 14 17:30:52 UTC 2025] [WARN] Warning message"
DEBUG: Raw message from LogEntry: "[2025-06-14T17:30:53] [WARN] Request completed in 120ms"
DEBUG: Cleaned message: "[2025-06-14T17:30:53] [WARN] Request completed in 120ms"
DEBUG: Raw message from LogEntry: "[Sat Jun 14 17:30:53 UTC 2025] [INFO] Simple log message from container"
DEBUG: Cleaned message: "[Sat Jun 14 17:30:53 UTC 2025] [INFO] Simple log message from container"
DEBUG: Raw message from LogEntry: "[Sat Jun 14 17:30:55 UTC 2025] [WARN] Warning message"
DEBUG: Cleaned message: "[Sat Jun 14 17:30:55 UTC 2025] [WARN] Warning message"
DEBUG: Raw message from LogEntry: "[2025-06-14T17:30:55] [DEBUG] User authentication successful"
DEBUG: Cleaned message: "[2025-06-14T17:30:55] [DEBUG] User authentication successful"
DEBUG: Raw message from LogEntry: "[2025-06-14T17:30:55] [ERROR] Request completed in 120ms"
DEBUG: Cleaned message: "[2025-06-14T17:30:55] [ERROR] Request completed in 120ms"
DEBUG: Raw message from LogEntry: "[Sat Jun 14 17:30:55 UTC 2025] [ERROR] Something went wrong"
DEBUG: Cleaned message: "[Sat Jun 14 17:30:55 UTC 2025] [ERROR] Something went wrong"
DEBUG: Raw message from LogEntry: "[Sat Jun 14 17:30:56 UTC 2025] [INFO] Simple log message from container"
DEBUG: Cleaned message: "[Sat Jun 14 17:30:56 UTC 2025] [INFO] Simple log message from container"
DEBUG: Raw message from LogEntry: "[2025-06-14T17:30:57] [TRACE] Database connection established"
DEBUG: Cleaned message: "[2025-06-14T17:30:57] [TRACE] Database connection established"
DEBUG: Raw message from LogEntry: "[Sat Jun 14 17:30:58 UTC 2025] [ERROR] Something went wrong"
DEBUG: Cleaned message: "[Sat Jun 14 17:30:58 UTC 2025] [ERROR] Something went wrong"
DEBUG: Raw message from LogEntry: "[2025-06-14T17:30:58] [WARN] Request completed in 120ms"
DEBUG: Cleaned message: "[2025-06-14T17:30:58] [WARN] Request completed in 120ms"
